Cadence Genus(TM) Synthesis Solution.
Copyright 2017 Cadence Design Systems, Inc. All rights reserved worldwide.
Cadence and the Cadence logo are registered trademarks and Genus is a trademark
of Cadence Design Systems, Inc. in the United States and other countries.

Version: 17.11-s014_1, built Mon Oct 09 2017
Options: 
Date:    Wed Jun 15 22:28:08 2022
Host:    boron01.comp.vlsi.labs (x86_64 w/Linux 2.6.32-279.el6.x86_64) (4cores*16cpus*2physical cpus*Intel(R) Xeon(R) CPU X5570 @ 2.93GHz 8192KB) (24542792KB)
OS:      CentOS release 6.3 (Final)

Checking out license: Genus_Synthesis

Loading tool scripts...
Finished loading tool scripts (12 seconds elapsed).

WARNING: This version of the tool is 1710 days old.
@genus:root: 1> #-------------------------------------------------------------------------------
@genus:root: 2> # Info and path setup
@genus:root: 3> #-------------------------------------------------------------------------------
@genus:root: 4> 
@genus:root: 4> set DATE [clock format [clock seconds] -format "%b%d-%T"];# Will hold date and clock (EX: Mar16-11:16:44)
Jun15-22:28:31
@genus:root: 5> set _OUTPUTS_PATH ./results;# Output file path will be synth/results
./results
@genus:root: 6> set _REPORTS_PATH ./reports;# Report path will be synth/reports
./reports
@genus:root: 7> set DESIGN  "Core";# Name for our design
Core
@genus:root: 8> 
@genus:root: 8> #-------------------------------------------------------------------------------
@genus:root: 9> # Library setup
@genus:root: 10> #-------------------------------------------------------------------------------
@genus:root: 11> set_db lib_search_path "../liberty";
  Setting attribute of root '/': 'lib_search_path' = ../liberty
1 ../liberty
@genus:root: 12> set_db library "./D_CELLS_3V//D_CELLS_3V_LPMOS_typ_3_30V_25C.lib";

  Message Summary for Library D_CELLS_3V_LPMOS_typ_3_30V_25C.lib:
  ***************************************************************
  Missing a function attribute in the output pin definition. [LBR-518]: 1
  An unsupported construct was detected in this library. [LBR-40]: 77
  ***************************************************************
 
Info    : Created nominal operating condition. [LBR-412]
        : Operating condition '_nominal_' was created for the PVT values (1.000000, 3.300000, 25.000000) in library 'D_CELLS_3V_LPMOS_typ_3_30V_25C.lib'.
        : The nominal operating condition represents either the nominal PVT values if specified in the library source, or the default PVT values (1.0, 1.0, 1.0).
Warning : Unusable clock gating integrated cell. [LBR-101]
        : Clock gating integrated cell name: 'LGCN_3VX1'
        : To use the cell in clock gating, Set cell attribute 'dont_use' false in the library.
Warning : Unusable clock gating integrated cell. [LBR-101]
        : Clock gating integrated cell name: 'LGCN_3VX2'
Warning : Unusable clock gating integrated cell. [LBR-101]
        : Clock gating integrated cell name: 'LGCN_3VX4'
Warning : Unusable clock gating integrated cell. [LBR-101]
        : Clock gating integrated cell name: 'LGCP_3VX1'
Warning : Unusable clock gating integrated cell. [LBR-101]
        : Clock gating integrated cell name: 'LGCP_3VX2'
Warning : Unusable clock gating integrated cell. [LBR-101]
        : Clock gating integrated cell name: 'LGCP_3VX4'
Warning : Unusable clock gating integrated cell. [LBR-101]
        : Clock gating integrated cell name: 'LSGCN_3VX1'
Warning : Unusable clock gating integrated cell. [LBR-101]
        : Clock gating integrated cell name: 'LSGCN_3VX2'
Warning : Unusable clock gating integrated cell. [LBR-101]
        : Clock gating integrated cell name: 'LSGCN_3VX4'
Warning : Unusable clock gating integrated cell. [LBR-101]
        : Clock gating integrated cell name: 'LSGCP_3VX1'
Warning : Unusable clock gating integrated cell. [LBR-101]
        : Clock gating integrated cell name: 'LSGCP_3VX2'
Warning : Unusable clock gating integrated cell. [LBR-101]
        : Clock gating integrated cell name: 'LSGCP_3VX4'
Warning : Unusable clock gating integrated cell. [LBR-101]
        : Clock gating integrated cell name: 'LSOGCN_3VX1'
Warning : Unusable clock gating integrated cell. [LBR-101]
        : Clock gating integrated cell name: 'LSOGCN_3VX2'
Warning : Unusable clock gating integrated cell. [LBR-101]
        : Clock gating integrated cell name: 'LSOGCN_3VX4'
Warning : Unusable clock gating integrated cell. [LBR-101]
        : Clock gating integrated cell name: 'LSOGCP_3VX1'
Warning : Unusable clock gating integrated cell. [LBR-101]
        : Clock gating integrated cell name: 'LSOGCP_3VX2'
Warning : Unusable clock gating integrated cell. [LBR-101]
        : Clock gating integrated cell name: 'LSOGCP_3VX4'
Warning : Library cell has no output pins defined. [LBR-9]
        : Library cell 'MPROBEBU_3VX8' must have an output pin.
        : Add the missing output pin(s), then reload the library. Otherwise, the library cell will be marked as unusable and as timing model.
Warning : Library cell has no output pins defined. [LBR-9]
        : Library cell 'MPROBEBU_3VX8' must have an output pin.
Warning : Library cell has no output pins defined. [LBR-9]
        : Library cell 'MPROBE_3V' must have an output pin.
Warning : Library cell has no output pins defined. [LBR-9]
        : Library cell 'MPROBE_3V' must have an output pin.
Warning : Library cell has no output pins defined. [LBR-9]
        : Library cell 'FEED10_3V' must have an output pin.
Warning : Library cell has no output pins defined. [LBR-9]
        : Library cell 'FEED10_3V' must have an output pin.
Warning : Library cell has no output pins defined. [LBR-9]
        : Library cell 'FEED15_3V' must have an output pin.
Warning : Library cell has no output pins defined. [LBR-9]
        : Library cell 'FEED15_3V' must have an output pin.
Warning : Library cell has no output pins defined. [LBR-9]
        : Library cell 'FEED1_3V' must have an output pin.
Warning : Library cell has no output pins defined. [LBR-9]
        : Library cell 'FEED1_3V' must have an output pin.
Warning : Library cell has no output pins defined. [LBR-9]
        : Library cell 'FEED25_3V' must have an output pin.
Warning : Library cell has no output pins defined. [LBR-9]
        : Library cell 'FEED25_3V' must have an output pin.
Warning : Library cell has no output pins defined. [LBR-9]
        : Library cell 'FEED2_3V' must have an output pin.
Warning : Library cell has no output pins defined. [LBR-9]
        : Library cell 'FEED2_3V' must have an output pin.
Warning : Library cell has no output pins defined. [LBR-9]
        : Library cell 'FEED3_3V' must have an output pin.
Warning : Library cell has no output pins defined. [LBR-9]
        : Library cell 'FEED3_3V' must have an output pin.
Warning : Library cell has no output pins defined. [LBR-9]
        : Library cell 'FEED5_3V' must have an output pin.
Warning : Library cell has no output pins defined. [LBR-9]
        : Library cell 'FEED5_3V' must have an output pin.
Warning : Library cell has no output pins defined. [LBR-9]
        : Library cell 'FEED7_3V' must have an output pin.
Warning : Library cell has no output pins defined. [LBR-9]
        : Library cell 'FEED7_3V' must have an output pin.
  Setting attribute of root '/': 'library' = ./D_CELLS_3V//D_CELLS_3V_LPMOS_typ_3_30V_25C.lib
1 ./D_CELLS_3V//D_CELLS_3V_LPMOS_typ_3_30V_25C.lib
@genus:root: 13> set_db cell "BU_3VX1";
Error   : <Start> word is not recognized. [TUI-182] [set_db]
        : 'cell' is not a recognized object/attribute. Type 'help root:' to get a list of all supported objects and attributes.
        : Check <Start> object/attribute.
1
@genus:root: 14> set_db init_hdl_search_path "../src";
  Setting attribute of root '/': 'init_hdl_search_path' = ../src
1 ../src
@genus:root: 15> set_db script_search_path "../tcl";
  Setting attribute of root '/': 'script_search_path' = ../tcl
1 ../tcl
@genus:root: 16> 
@genus:root: 16> set_db operating_conditions typ_3_30V_25C;
  Setting attribute of root '/': 'operating_conditions' = operating_condition:default_emulate_libset_max/D_CELLS_3V_LPMOS_typ_3_30V_25C/typ_3_30V_25C
1 operating_condition:default_emulate_libset_max/D_CELLS_3V_LPMOS_typ_3_30V_25C/typ_3_30V_25C
@genus:root: 17> 
@genus:root: 17> #-------------------------------------------------------------------------------
@genus:root: 18> # Read design
@genus:root: 19> #-------------------------------------------------------------------------------
@genus:root: 20> read_hdl {  \
genus.MUX2to1.v \genus.
barrel_arith_shift.v \
genus.barrel_shifter.v \
genus.DECODER5to32.v \
genus.FA.v \
genus.HA.v \
genus.ID.v \
genus.MUX5to32.v \
genus.RCA_nocin.v \
genus.RCA.v \
genus.ALU.v \
genus.REG_32bit.v \
genus.REG_bit.v \
genus.shifter.v \
genus.SQRT_CSLA_ZFC.v \
genus.ZFC.v \
genus.PC.v \
  genus.CU.v \
genus.RegisterFile.v \
genus.FU.v \
genus.Core.v \
    }
Warning : Cannot open file. [VLOGPT-650]
        : File 'genus.MUX2to1.v'.
        : The specified file could not be opened.  Check the value of the init_hdl_search_path attribute.
Warning : Cannot open file. [VLOGPT-650]
        : File 'genus.'.
Warning : Cannot open file. [VLOGPT-650]
        : File 'genus.barrel_shifter.v'.
Warning : Cannot open file. [VLOGPT-650]
        : File 'genus.DECODER5to32.v'.
Warning : Cannot open file. [VLOGPT-650]
        : File 'genus.FA.v'.
Warning : Cannot open file. [VLOGPT-650]
        : File 'genus.HA.v'.
Warning : Cannot open file. [VLOGPT-650]
        : File 'genus.ID.v'.
Warning : Cannot open file. [VLOGPT-650]
        : File 'genus.MUX5to32.v'.
Warning : Cannot open file. [VLOGPT-650]
        : File 'genus.RCA_nocin.v'.
Warning : Cannot open file. [VLOGPT-650]
        : File 'genus.RCA.v'.
Warning : Cannot open file. [VLOGPT-650]
        : File 'genus.ALU.v'.
Warning : Cannot open file. [VLOGPT-650]
        : File 'genus.REG_32bit.v'.
Warning : Cannot open file. [VLOGPT-650]
        : File 'genus.REG_bit.v'.
Warning : Cannot open file. [VLOGPT-650]
        : File 'genus.shifter.v'.
Warning : Cannot open file. [VLOGPT-650]
        : File 'genus.SQRT_CSLA_ZFC.v'.
Warning : Cannot open file. [VLOGPT-650]
        : File 'genus.ZFC.v'.
Warning : Cannot open file. [VLOGPT-650]
        : File 'genus.PC.v'.
Warning : Cannot open file. [VLOGPT-650]
        : File 'genus.CU.v'.
Warning : Cannot open file. [VLOGPT-650]
        : File 'genus.RegisterFile.v'.
Warning : Cannot open file. [VLOGPT-650]
        : File 'genus.FU.v'.
Warning : Cannot open file. [VLOGPT-650]
        : File 'genus.Core.v'.
@genus:root: 21> 
@genus:root: 21> set_db hdl_track_filename_row_col true;
Info   : Enabled hdl_track_file_row_column attribute.
       : Setting this attribute to 'true' can have an impact on the run time. Use this attribute only when filename, line number, and column information are needed in reports.
  Setting attribute of root '/': 'hdl_track_filename_row_col' = true
1 true
@genus:root: 22> set_db hdl_parameterize_module_name false;
  Setting attribute of root '/': 'hdl_parameterize_module_name' = false
1 false
@genus:root: 23> 
@genus:root: 23> elaborate $DESIGN
  Library has 141 usable logic and 48 usable sequential lib-cells.
Error   : Could not find an HDL design. [CDFG-210] [elaborate]
        : The design is 'Core'.
        : Ensure that the design exists or the correct file was loaded.
1
@genus:root: 24> 
@genus:root: 24> exit
Normal exit.